<!doctype html>

<meta charset="utf-8">
<meta name="viewport" content="width=device-width, initial-scale=1" />
<title>Experiment results</title>
<style>
* {
    box-sizing: border-box;
}

html {
    line-height: 1.15;
}

body {
    font-family: sans-serif;
    font-size: 16px;
}

table {
    border-collapse: collapse;
    border-spacing: 0;
}

td, th {
    border-right: 1px #dedede solid;
    border-bottom: 1px #dedede solid;
    padding: 5px;
    text-align: left;
}
td:first-child, th:first-child {
    border-left: 1px #dedede solid;
}
th {
    border-top: 1px #dedede solid;
}

tbody tr:nth-child(odd) {
    background-color: #f4f5ff;
}

.chat_prompt {
    background-color: #fff7f2;
    max-width: 50%;
    overflow: scroll;
}

.chat_response {
    background-color: #fcfff2;
    max-width: 50%;
    overflow: scroll;
    margin-left: auto;
}
</style>
<body>
    LLM: 
    
<h1>output-xpdf-_zn6pdfdoc12displaypagesep9outputdeviiddiiiipfipves2_ / 02</h1>
Bug: False
<br>
Crash reason: -
<br>
<br>









<h3>Final code</h3>

<pre>
#include &lt;cstdint&gt;
#include &lt;vector&gt;
#include &lt;fuzzer/FuzzedDataProvider.h&gt;
#include &#34;PDFDoc.h&#34; // Include the header file where PDFDoc is defined
#include &#34;gtypes.h&#34; // Include the header file where GBool is defined
#include &#34;GString.h&#34; // Include the header file for GString if needed

// Assuming these types are defined somewhere in your codebase
class OutputDev {};
using DW_TAG_subroutine_typeInfiniteLoop = int; // Placeholder for the actual type

// The definition of the function should be in PDFDoc.cc
// For the purpose of this fuzzing harness, we will assume the function is correctly defined elsewhere.

extern &#34;C&#34; int LLVMFuzzerTestOneInput(const uint8_t *data, size_t size) {
    FuzzedDataProvider stream(data, size);

    // Initialize parameters
    OutputDev outputDev; // Assuming default constructor is available
    int pageStart = stream.ConsumeIntegralInRange&lt;int&gt;(1, 100); // Example range
    int pageEnd = stream.ConsumeIntegralInRange&lt;int&gt;(1, 100); // Example range
    double zoomX = stream.ConsumeFloatingPoint&lt;double&gt;();
    double zoomY = stream.ConsumeFloatingPoint&lt;double&gt;();
    int rotation = stream.ConsumeIntegralInRange&lt;int&gt;(0, 360); // Rotation in degrees
    GBool crop = stream.ConsumeBool() ? gbTrue : gbFalse; // Ensure GBool is properly initialized
    GBool print = stream.ConsumeBool() ? gbTrue : gbFalse; // Ensure GBool is properly initialized
    GBool embed = stream.ConsumeBool() ? gbTrue : gbFalse; // Ensure GBool is properly initialized
    
    // Create a pointer for GBool (*abortCheckCbk)(void *) which is the expected type
    GBool (*abortCheckCbk)(void *) = nullptr; // Set to nullptr or provide a valid function if needed
    std::vector&lt;uint8_t&gt; remainingBytes = stream.ConsumeRemainingBytes&lt;uint8_t&gt;(); // Use remaining bytes as user data
    void *userData = remainingBytes.empty() ? nullptr : remainingBytes.data(); // Get pointer to the remaining bytes or nullptr if empty

    // Create an instance of PDFDoc with a valid constructor
    GString fileNameA(&#34;dummy.pdf&#34;); // Create a dummy GString for the constructor
    PDFDoc doc(&amp;fileNameA); // Create an instance of PDFDoc with required arguments

    // Call the function under test
    doc.displayPages(&amp;outputDev, pageStart, pageEnd, zoomX, zoomY, rotation, crop, print, embed, abortCheckCbk, userData);

    return 0;
}
</pre>


<h3>Fixer prompt #1</h3>
<pre>

Given the following C++ fuzz harness and its build error message, fix the code to make it build for fuzzing.

If there is undeclared identifier or unknown type name error, fix it by finding and including the related libraries.

MUST RETURN THE FULL CODE, INCLUDING UNCHANGED PARTS.

Below is the code needs to be built:
&lt;code&gt;
#include &lt;fuzzer/FuzzedDataProvider.h&gt;
#include &lt;vector&gt;

// Assuming these types are defined somewhere in your codebase
class OutputDev {};
using GBool = bool;
using DW_TAG_subroutine_typeInfiniteLoop = int; // Placeholder for the actual type

// Function under test
void PDFDoc::displayPages(OutputDev *outputDev, int pageStart, int pageEnd, double zoomX, double zoomY,
                          int rotation, GBool crop, GBool print, GBool embed, 
                          DW_TAG_subroutine_typeInfiniteLoop *infiniteLoop, void *userData) {
    // Function implementation
}

extern &#34;C&#34; int LLVMFuzzerTestOneInput(const uint8_t *data, size_t size) {
    FuzzedDataProvider stream(data, size);

    // Initialize parameters
    OutputDev outputDev; // Assuming default constructor is available
    int pageStart = stream.ConsumeIntegralInRange&lt;int&gt;(1, 100); // Example range
    int pageEnd = stream.ConsumeIntegralInRange&lt;int&gt;(1, 100); // Example range
    double zoomX = stream.ConsumeFloatingPoint&lt;double&gt;();
    double zoomY = stream.ConsumeFloatingPoint&lt;double&gt;();
    int rotation = stream.ConsumeIntegralInRange&lt;int&gt;(0, 360); // Rotation in degrees
    GBool crop = stream.ConsumeBool();
    GBool print = stream.ConsumeBool();
    GBool embed = stream.ConsumeBool();
    
    // Create a pointer for DW_TAG_subroutine_typeInfiniteLoop
    DW_TAG_subroutine_typeInfiniteLoop infiniteLoop; // Placeholder for actual initialization
    void *userData = stream.ConsumeRemainingBytes().data(); // Use remaining bytes as user data

    // Call the function under test
    PDFDoc doc; // Assuming you need to create an instance of PDFDoc
    doc.displayPages(&amp;outputDev, pageStart, pageEnd, zoomX, zoomY, rotation, crop, print, embed, &amp;infiniteLoop, userData);

    return 0;
}
&lt;/code&gt;

Below is the error to fix:
The code has the following build issues:
&lt;error&gt;
fuzz_zxdoc.cc:10:6: error: use of undeclared identifier &#39;PDFDoc&#39;
   10 | void PDFDoc::displayPages(OutputDev *outputDev, int pageStart, int pageEnd, double zoomX, double zoomY,
      |      ^
fuzz_zxdoc.cc:32:29: error: no matching member function for call to &#39;ConsumeRemainingBytes&#39;
   32 |     void *userData = stream.ConsumeRemainingBytes().data(); // Use remaining bytes as user data
      |                      ~~~~~~~^~~~~~~~~~~~~~~~~~~~~
/usr/local/lib/clang/18/include/fuzzer/FuzzedDataProvider.h:128:36: note: candidate template ignored: couldn&#39;t infer template argument &#39;T&#39;
  128 | std::vector&lt;T&gt; FuzzedDataProvider::ConsumeRemainingBytes() {
      |                                    ^
fuzz_zxdoc.cc:35:5: error: unknown type name &#39;PDFDoc&#39;
   35 |     PDFDoc doc; // Assuming you need to create an instance of PDFDoc
      |     ^
&lt;/error&gt;


Below are instructions to assist you in fixing the error.
&lt;instruction&gt;
IMPORTANT: ALWAYS INCLUDE STANDARD LIBRARIES BEFORE PROJECT-SPECIFIC (xpdf) LIBRARIES. This order prevents errors like &#34;unknown type name&#34; for basic types. Additionally, include project-specific libraries that contain declarations before those thatuse these declared symbols.
&lt;/instruction&gt;

Fix code:
1. Consider possible solutions for the issues listed above.
2. Choose a solution that can maximize fuzzing result, which is utilizing the function under test and feeding it not null input.
3. Apply the solutions to the original code.
It&#39;s important to show the complete code, not only the fixed line.
&lt;solution&gt;
</pre>



<h3>Code #1</h3>

<pre>
To fix the issues in the provided C++ fuzz harness code, we need to address the following:

1. Include the header file where the `PDFDoc` class is defined. This is essential to resolve the &#34;undeclared identifier &#39;PDFDoc&#39;&#34; error.
2. Correctly use the `ConsumeRemainingBytes` method from the `FuzzedDataProvider` class. This method returns a vector, so we need to handle it appropriately to get a pointer to the remaining bytes.

Here is the updated code with the necessary changes:

```cpp
#include &lt;cstdint&gt;
#include &lt;vector&gt;
#include &lt;fuzzer/FuzzedDataProvider.h&gt;
#include &#34;PDFDoc.h&#34; // Include the header file where PDFDoc is defined

// Assuming these types are defined somewhere in your codebase
class OutputDev {};
using GBool = bool;
using DW_TAG_subroutine_typeInfiniteLoop = int; // Placeholder for the actual type

// Function under test
void PDFDoc::displayPages(OutputDev *outputDev, int pageStart, int pageEnd, double zoomX, double zoomY,
                          int rotation, GBool crop, GBool print, GBool embed, 
                          DW_TAG_subroutine_typeInfiniteLoop *infiniteLoop, void *userData) {
    // Function implementation
}

extern &#34;C&#34; int LLVMFuzzerTestOneInput(const uint8_t *data, size_t size) {
    FuzzedDataProvider stream(data, size);

    // Initialize parameters
    OutputDev outputDev; // Assuming default constructor is available
    int pageStart = stream.ConsumeIntegralInRange&lt;int&gt;(1, 100); // Example range
    int pageEnd = stream.ConsumeIntegralInRange&lt;int&gt;(1, 100); // Example range
    double zoomX = stream.ConsumeFloatingPoint&lt;double&gt;();
    double zoomY = stream.ConsumeFloatingPoint&lt;double&gt;();
    int rotation = stream.ConsumeIntegralInRange&lt;int&gt;(0, 360); // Rotation in degrees
    GBool crop = stream.ConsumeBool();
    GBool print = stream.ConsumeBool();
    GBool embed = stream.ConsumeBool();
    
    // Create a pointer for DW_TAG_subroutine_typeInfiniteLoop
    DW_TAG_subroutine_typeInfiniteLoop infiniteLoop; // Placeholder for actual initialization
    std::vector&lt;uint8_t&gt; remainingBytes = stream.ConsumeRemainingBytes(); // Use remaining bytes as user data
    void *userData = remainingBytes.data(); // Get pointer to the remaining bytes

    // Call the function under test
    PDFDoc doc; // Create an instance of PDFDoc
    doc.displayPages(&amp;outputDev, pageStart, pageEnd, zoomX, zoomY, rotation, crop, print, embed, &amp;infiniteLoop, userData);

    return 0;
}
```

### Changes Made:
- Added `#include &#34;PDFDoc.h&#34;` to include the header file for the `PDFDoc` class, resolving the &#34;undeclared identifier &#39;PDFDoc&#39;&#34; error.
- Modified the handling of `ConsumeRemainingBytes` to correctly store the output in a `std::vector&lt;uint8_t&gt;`, and then used `data()` to get a pointer to the underlying array for `userData`. 

This should resolve the build errors and allow for effective fuzzing of the `displayPages` function.
</pre>


<h3>Fixer prompt #2</h3>
<pre>

Given the following C++ fuzz harness and its build error message, fix the code to make it build for fuzzing.

If there is undeclared identifier or unknown type name error, fix it by finding and including the related libraries.

MUST RETURN THE FULL CODE, INCLUDING UNCHANGED PARTS.

Below is the code needs to be built:
&lt;code&gt;
#include &lt;cstdint&gt;
#include &lt;vector&gt;
#include &lt;fuzzer/FuzzedDataProvider.h&gt;
#include &#34;PDFDoc.h&#34; // Include the header file where PDFDoc is defined

// Assuming these types are defined somewhere in your codebase
class OutputDev {};
using GBool = bool;
using DW_TAG_subroutine_typeInfiniteLoop = int; // Placeholder for the actual type

// Function under test
void PDFDoc::displayPages(OutputDev *outputDev, int pageStart, int pageEnd, double zoomX, double zoomY,
                          int rotation, GBool crop, GBool print, GBool embed, 
                          DW_TAG_subroutine_typeInfiniteLoop *infiniteLoop, void *userData) {
    // Function implementation
}

extern &#34;C&#34; int LLVMFuzzerTestOneInput(const uint8_t *data, size_t size) {
    FuzzedDataProvider stream(data, size);

    // Initialize parameters
    OutputDev outputDev; // Assuming default constructor is available
    int pageStart = stream.ConsumeIntegralInRange&lt;int&gt;(1, 100); // Example range
    int pageEnd = stream.ConsumeIntegralInRange&lt;int&gt;(1, 100); // Example range
    double zoomX = stream.ConsumeFloatingPoint&lt;double&gt;();
    double zoomY = stream.ConsumeFloatingPoint&lt;double&gt;();
    int rotation = stream.ConsumeIntegralInRange&lt;int&gt;(0, 360); // Rotation in degrees
    GBool crop = stream.ConsumeBool();
    GBool print = stream.ConsumeBool();
    GBool embed = stream.ConsumeBool();
    
    // Create a pointer for DW_TAG_subroutine_typeInfiniteLoop
    DW_TAG_subroutine_typeInfiniteLoop infiniteLoop; // Placeholder for actual initialization
    std::vector&lt;uint8_t&gt; remainingBytes = stream.ConsumeRemainingBytes(); // Use remaining bytes as user data
    void *userData = remainingBytes.data(); // Get pointer to the remaining bytes

    // Call the function under test
    PDFDoc doc; // Create an instance of PDFDoc
    doc.displayPages(&amp;outputDev, pageStart, pageEnd, zoomX, zoomY, rotation, crop, print, embed, &amp;infiniteLoop, userData);

    return 0;
}
&lt;/code&gt;

Below is the error to fix:
The code has the following build issues:
&lt;error&gt;
fuzz_zxdoc.cc:8:7: error: typedef redefinition with different types (&#39;bool&#39; vs &#39;int&#39;)
    8 | using GBool = bool;
      |       ^
../goo/gtypes.h:16:13: note: previous definition is here
   16 | typedef int GBool;
      |             ^
fuzz_zxdoc.cc:12:14: error: out-of-line definition of &#39;displayPages&#39; does not match any declaration in &#39;PDFDoc&#39;
   12 | void PDFDoc::displayPages(OutputDev *outputDev, int pageStart, int pageEnd, double zoomX, double zoomY,
      |              ^~~~~~~~~~~~
fuzz_zxdoc.cc:34:50: error: no matching member function for call to &#39;ConsumeRemainingBytes&#39;
   34 |     std::vector&lt;uint8_t&gt; remainingBytes = stream.ConsumeRemainingBytes(); // Use remaining bytes as user data
      |                                           ~~~~~~~^~~~~~~~~~~~~~~~~~~~~
/usr/local/lib/clang/18/include/fuzzer/FuzzedDataProvider.h:128:36: note: candidate template ignored: couldn&#39;t infer template argument &#39;T&#39;
  128 | std::vector&lt;T&gt; FuzzedDataProvider::ConsumeRemainingBytes() {
      |                                    ^
fuzz_zxdoc.cc:38:12: error: no matching constructor for initialization of &#39;PDFDoc&#39;
   38 |     PDFDoc doc; // Create an instance of PDFDoc
      |            ^
../xpdf/PDFDoc.h:35:7: note: candidate constructor (the implicit copy constructor) not viable: requires 1 argument, but 0 were provided
   35 | class PDFDoc {
      |       ^~~~~~
../xpdf/PDFDoc.h:38:3: note: candidate constructor not viable: requires at least argument &#39;fileNameA&#39;, but no arguments were provided
   38 |   PDFDoc(GString *fileNameA, GString *ownerPassword = NULL,
      |   ^      ~~~~~~~~~~~~~~~~~~~~~~~~~~~~~~~~~~~~~~~~~~~~~~~~~~
   39 |          GString *userPassword = NULL, PDFCore *coreA = NULL);
      |          ~~~~~~~~~~~~~~~~~~~~~~~~~~~~~~~~~~~~~~~~~~~~~~~~~~~
../xpdf/PDFDoc.h:48:3: note: candidate constructor not viable: requires at least argument &#39;fileNameA&#39;, but no arguments were provided
   48 |   PDFDoc(char *fileNameA, GString *ownerPassword = NULL,
      |   ^      ~~~~~~~~~~~~~~~~~~~~~~~~~~~~~~~~~~~~~~~~~~~~~~~
   49 |          GString *userPassword = NULL, PDFCore *coreA = NULL);
      |          ~~~~~~~~~~~~~~~~~~~~~~~~~~~~~~~~~~~~~~~~~~~~~~~~~~~
../xpdf/PDFDoc.h:51:3: note: candidate constructor not viable: requires at least argument &#39;strA&#39;, but no arguments were provided
   51 |   PDFDoc(BaseStream *strA, GString *ownerPassword = NULL,
      |   ^      ~~~~~~~~~~~~~~~~~~~~~~~~~~~~~~~~~~~~~~~~~~~~~~~~
   52 |          GString *userPassword = NULL, PDFCore *coreA = NULL);
      |          ~~~~~~~~~~~~~~~~~~~~~~~~~~~~~~~~~~~~~~~~~~~~~~~~~~~
fuzz_zxdoc.cc:39:98: error: cannot initialize a parameter of type &#39;GBool (*)(void *)&#39; (aka &#39;int (*)(void *)&#39;) with an rvalue of type &#39;DW_TAG_subroutine_typeInfiniteLoop *&#39; (aka &#39;int *&#39;)
   39 |     doc.displayPages(&amp;outputDev, pageStart, pageEnd, zoomX, zoomY, rotation, crop, print, embed, &amp;infiniteLoop, userData);
      |                                                                                                  ^~~~~~~~~~~~~
../xpdf/PDFDoc.h:113:15: note: passing argument to parameter &#39;abortCheckCbk&#39; here
  113 |                     GBool (*abortCheckCbk)(void *data) = NULL,
      |                             ^
&lt;/error&gt;




Fix code:
1. Consider possible solutions for the issues listed above.
2. Choose a solution that can maximize fuzzing result, which is utilizing the function under test and feeding it not null input.
3. Apply the solutions to the original code.
It&#39;s important to show the complete code, not only the fixed line.
&lt;solution&gt;
</pre>



<h3>Code #2</h3>

<pre>
Here is the fixed code with all the necessary adjustments made to resolve the build errors:

```cpp
#include &lt;cstdint&gt;
#include &lt;vector&gt;
#include &lt;fuzzer/FuzzedDataProvider.h&gt;
#include &#34;PDFDoc.h&#34; // Include the header file where PDFDoc is defined
#include &#34;gtypes.h&#34; // Include the header file where GBool is defined
#include &#34;GString.h&#34; // Include the header file for GString if needed

// Assuming these types are defined somewhere in your codebase
class OutputDev {};
using DW_TAG_subroutine_typeInfiniteLoop = int; // Placeholder for the actual type

// Function under test
// Ensure this matches the declaration in PDFDoc.h
void PDFDoc::displayPages(OutputDev *outputDev, int pageStart, int pageEnd, double zoomX, double zoomY,
                          int rotation, GBool crop, GBool print, GBool embed, 
                          GBool (*abortCheckCbk)(void *), void *userData) {
    // Function implementation
}

extern &#34;C&#34; int LLVMFuzzerTestOneInput(const uint8_t *data, size_t size) {
    FuzzedDataProvider stream(data, size);

    // Initialize parameters
    OutputDev outputDev; // Assuming default constructor is available
    int pageStart = stream.ConsumeIntegralInRange&lt;int&gt;(1, 100); // Example range
    int pageEnd = stream.ConsumeIntegralInRange&lt;int&gt;(1, 100); // Example range
    double zoomX = stream.ConsumeFloatingPoint&lt;double&gt;();
    double zoomY = stream.ConsumeFloatingPoint&lt;double&gt;();
    int rotation = stream.ConsumeIntegralInRange&lt;int&gt;(0, 360); // Rotation in degrees
    GBool crop = stream.ConsumeBool();
    GBool print = stream.ConsumeBool();
    GBool embed = stream.ConsumeBool();
    
    // Create a pointer for GBool (*abortCheckCbk)(void *) which is the expected type
    GBool (*abortCheckCbk)(void *) = nullptr; // Set to nullptr or provide a valid function if needed
    std::vector&lt;uint8_t&gt; remainingBytes = stream.ConsumeRemainingBytes&lt;uint8_t&gt;(); // Use remaining bytes as user data
    void *userData = remainingBytes.data(); // Get pointer to the remaining bytes

    // Create an instance of PDFDoc with a valid constructor
    GString fileNameA(&#34;dummy.pdf&#34;); // Create a dummy GString for the constructor
    PDFDoc doc(&amp;fileNameA); // Create an instance of PDFDoc with required arguments

    // Call the function under test
    doc.displayPages(&amp;outputDev, pageStart, pageEnd, zoomX, zoomY, rotation, crop, print, embed, abortCheckCbk, userData);

    return 0;
}
```

### Changes Made:
1. **Fixed GBool Definition**: Included the header file where `GBool` is defined to avoid redefinition issues.
2. **Corrected Function Signature**: Updated the `displayPages` function signature to match the expected parameters in the `PDFDoc` class, specifically changing the `DW_TAG_subroutine_typeInfiniteLoop` parameter to a function pointer type `GBool (*abortCheckCbk)(void *)`.
3. **Initialized PDFDoc**: Created a valid `GString` object to pass to the `PDFDoc` constructor, ensuring the instance is created correctly.
4. **ConsumeRemainingBytes**: Specified the template argument for `ConsumeRemainingBytes` to ensure it compiles correctly.

With these adjustments, the code should compile successfully and be ready for fuzz testing.
</pre>


<h3>Fixer prompt #3</h3>
<pre>

Given the following C++ fuzz harness and its build error message, fix the code to make it build for fuzzing.

If there is undeclared identifier or unknown type name error, fix it by finding and including the related libraries.

MUST RETURN THE FULL CODE, INCLUDING UNCHANGED PARTS.

Below is the code needs to be built:
&lt;code&gt;
#include &lt;cstdint&gt;
#include &lt;vector&gt;
#include &lt;fuzzer/FuzzedDataProvider.h&gt;
#include &#34;PDFDoc.h&#34; // Include the header file where PDFDoc is defined
#include &#34;gtypes.h&#34; // Include the header file where GBool is defined
#include &#34;GString.h&#34; // Include the header file for GString if needed

// Assuming these types are defined somewhere in your codebase
class OutputDev {};
using DW_TAG_subroutine_typeInfiniteLoop = int; // Placeholder for the actual type

// Function under test
// Ensure this matches the declaration in PDFDoc.h
void PDFDoc::displayPages(OutputDev *outputDev, int pageStart, int pageEnd, double zoomX, double zoomY,
                          int rotation, GBool crop, GBool print, GBool embed, 
                          GBool (*abortCheckCbk)(void *), void *userData) {
    // Function implementation
}

extern &#34;C&#34; int LLVMFuzzerTestOneInput(const uint8_t *data, size_t size) {
    FuzzedDataProvider stream(data, size);

    // Initialize parameters
    OutputDev outputDev; // Assuming default constructor is available
    int pageStart = stream.ConsumeIntegralInRange&lt;int&gt;(1, 100); // Example range
    int pageEnd = stream.ConsumeIntegralInRange&lt;int&gt;(1, 100); // Example range
    double zoomX = stream.ConsumeFloatingPoint&lt;double&gt;();
    double zoomY = stream.ConsumeFloatingPoint&lt;double&gt;();
    int rotation = stream.ConsumeIntegralInRange&lt;int&gt;(0, 360); // Rotation in degrees
    GBool crop = stream.ConsumeBool();
    GBool print = stream.ConsumeBool();
    GBool embed = stream.ConsumeBool();
    
    // Create a pointer for GBool (*abortCheckCbk)(void *) which is the expected type
    GBool (*abortCheckCbk)(void *) = nullptr; // Set to nullptr or provide a valid function if needed
    std::vector&lt;uint8_t&gt; remainingBytes = stream.ConsumeRemainingBytes&lt;uint8_t&gt;(); // Use remaining bytes as user data
    void *userData = remainingBytes.data(); // Get pointer to the remaining bytes

    // Create an instance of PDFDoc with a valid constructor
    GString fileNameA(&#34;dummy.pdf&#34;); // Create a dummy GString for the constructor
    PDFDoc doc(&amp;fileNameA); // Create an instance of PDFDoc with required arguments

    // Call the function under test
    doc.displayPages(&amp;outputDev, pageStart, pageEnd, zoomX, zoomY, rotation, crop, print, embed, abortCheckCbk, userData);

    return 0;
}
&lt;/code&gt;

Below is the error to fix:
The code has the following build issues:
&lt;error&gt;
PDFDoc.cc:(.text._ZN6PDFDoc12displayPagesEP9OutputDeviiddiiiiPFiPvES2_[_ZN6PDFDoc12displayPagesEP9OutputDeviiddiiiiPFiPvES2_]+0x0): multiple definition of `PDFDoc::displayPages(OutputDev*, int, int, double, double, int, int, int, int, int (*)(void*), void*)&#39;; /usr/bin/ld: DWARF error: invalid or unhandled FORM value: 0x25
&lt;/error&gt;




Fix code:
1. Consider possible solutions for the issues listed above.
2. Choose a solution that can maximize fuzzing result, which is utilizing the function under test and feeding it not null input.
3. Apply the solutions to the original code.
It&#39;s important to show the complete code, not only the fixed line.
&lt;solution&gt;
</pre>



<h3>Code #3</h3>

<pre>
To resolve the build issues, we need to ensure that the `PDFDoc::displayPages` function is not defined multiple times. This typically happens when the function is defined in a header file that is included in multiple translation units. To fix this, we should declare the function in the header file and define it in a corresponding source file, ensuring that the definition is not included multiple times.

Hereâ€™s the revised code with the necessary adjustments:

```cpp
#include &lt;cstdint&gt;
#include &lt;vector&gt;
#include &lt;fuzzer/FuzzedDataProvider.h&gt;
#include &#34;PDFDoc.h&#34; // Include the header file where PDFDoc is defined
#include &#34;gtypes.h&#34; // Include the header file where GBool is defined
#include &#34;GString.h&#34; // Include the header file for GString if needed

// Assuming these types are defined somewhere in your codebase
class OutputDev {};
using DW_TAG_subroutine_typeInfiniteLoop = int; // Placeholder for the actual type

// Function under test
// Ensure this matches the declaration in PDFDoc.h
// Declaration should be in PDFDoc.h and the definition should be in PDFDoc.cc
void PDFDoc::displayPages(OutputDev *outputDev, int pageStart, int pageEnd, double zoomX, double zoomY,
                          int rotation, GBool crop, GBool print, GBool embed, 
                          GBool (*abortCheckCbk)(void *), void *userData);

// The definition of the function should be in PDFDoc.cc
// For the purpose of this fuzzing harness, we will assume the function is correctly defined elsewhere.

extern &#34;C&#34; int LLVMFuzzerTestOneInput(const uint8_t *data, size_t size) {
    FuzzedDataProvider stream(data, size);

    // Initialize parameters
    OutputDev outputDev; // Assuming default constructor is available
    int pageStart = stream.ConsumeIntegralInRange&lt;int&gt;(1, 100); // Example range
    int pageEnd = stream.ConsumeIntegralInRange&lt;int&gt;(1, 100); // Example range
    double zoomX = stream.ConsumeFloatingPoint&lt;double&gt;();
    double zoomY = stream.ConsumeFloatingPoint&lt;double&gt;();
    int rotation = stream.ConsumeIntegralInRange&lt;int&gt;(0, 360); // Rotation in degrees
    GBool crop = stream.ConsumeBool();
    GBool print = stream.ConsumeBool();
    GBool embed = stream.ConsumeBool();
    
    // Create a pointer for GBool (*abortCheckCbk)(void *) which is the expected type
    GBool (*abortCheckCbk)(void *) = nullptr; // Set to nullptr or provide a valid function if needed
    std::vector&lt;uint8_t&gt; remainingBytes = stream.ConsumeRemainingBytes&lt;uint8_t&gt;(); // Use remaining bytes as user data
    void *userData = remainingBytes.data(); // Get pointer to the remaining bytes

    // Create an instance of PDFDoc with a valid constructor
    GString fileNameA(&#34;dummy.pdf&#34;); // Create a dummy GString for the constructor
    PDFDoc doc(&amp;fileNameA); // Create an instance of PDFDoc with required arguments

    // Call the function under test
    doc.displayPages(&amp;outputDev, pageStart, pageEnd, zoomX, zoomY, rotation, crop, print, embed, abortCheckCbk, userData);

    return 0;
}
```

### Key Changes:
1. **Function Declaration**: The `displayPages` function is declared in the fuzzing harness, but its definition should be in the `PDFDoc.cc` file. This prevents multiple definitions when the harness is compiled with other source files.
2. **Ensure Proper Linking**: Make sure that the `PDFDoc.cc` file is compiled and linked correctly with the fuzzing harness to avoid linking errors.

With these changes, the code should compile without the multiple definition error, allowing for effective fuzz testing.
</pre>


<h3>Fixer prompt #4</h3>
<pre>

Given the following C++ fuzz harness and its build error message, fix the code to make it build for fuzzing.

If there is undeclared identifier or unknown type name error, fix it by finding and including the related libraries.

MUST RETURN THE FULL CODE, INCLUDING UNCHANGED PARTS.

Below is the code needs to be built:
&lt;code&gt;
#include &lt;cstdint&gt;
#include &lt;vector&gt;
#include &lt;fuzzer/FuzzedDataProvider.h&gt;
#include &#34;PDFDoc.h&#34; // Include the header file where PDFDoc is defined
#include &#34;gtypes.h&#34; // Include the header file where GBool is defined
#include &#34;GString.h&#34; // Include the header file for GString if needed

// Assuming these types are defined somewhere in your codebase
class OutputDev {};
using DW_TAG_subroutine_typeInfiniteLoop = int; // Placeholder for the actual type

// Function under test
// Ensure this matches the declaration in PDFDoc.h
// Declaration should be in PDFDoc.h and the definition should be in PDFDoc.cc
void PDFDoc::displayPages(OutputDev *outputDev, int pageStart, int pageEnd, double zoomX, double zoomY,
                          int rotation, GBool crop, GBool print, GBool embed, 
                          GBool (*abortCheckCbk)(void *), void *userData);

// The definition of the function should be in PDFDoc.cc
// For the purpose of this fuzzing harness, we will assume the function is correctly defined elsewhere.

extern &#34;C&#34; int LLVMFuzzerTestOneInput(const uint8_t *data, size_t size) {
    FuzzedDataProvider stream(data, size);

    // Initialize parameters
    OutputDev outputDev; // Assuming default constructor is available
    int pageStart = stream.ConsumeIntegralInRange&lt;int&gt;(1, 100); // Example range
    int pageEnd = stream.ConsumeIntegralInRange&lt;int&gt;(1, 100); // Example range
    double zoomX = stream.ConsumeFloatingPoint&lt;double&gt;();
    double zoomY = stream.ConsumeFloatingPoint&lt;double&gt;();
    int rotation = stream.ConsumeIntegralInRange&lt;int&gt;(0, 360); // Rotation in degrees
    GBool crop = stream.ConsumeBool();
    GBool print = stream.ConsumeBool();
    GBool embed = stream.ConsumeBool();
    
    // Create a pointer for GBool (*abortCheckCbk)(void *) which is the expected type
    GBool (*abortCheckCbk)(void *) = nullptr; // Set to nullptr or provide a valid function if needed
    std::vector&lt;uint8_t&gt; remainingBytes = stream.ConsumeRemainingBytes&lt;uint8_t&gt;(); // Use remaining bytes as user data
    void *userData = remainingBytes.data(); // Get pointer to the remaining bytes

    // Create an instance of PDFDoc with a valid constructor
    GString fileNameA(&#34;dummy.pdf&#34;); // Create a dummy GString for the constructor
    PDFDoc doc(&amp;fileNameA); // Create an instance of PDFDoc with required arguments

    // Call the function under test
    doc.displayPages(&amp;outputDev, pageStart, pageEnd, zoomX, zoomY, rotation, crop, print, embed, abortCheckCbk, userData);

    return 0;
}
&lt;/code&gt;

Below is the error to fix:
The code has the following build issues:
&lt;error&gt;
fuzz_zxdoc.cc:15:14: error: out-of-line declaration of a member must be a definition [-Wout-of-line-declaration]
   15 | void PDFDoc::displayPages(OutputDev *outputDev, int pageStart, int pageEnd, double zoomX, double zoomY,
      |      ~~~~~~~~^
&lt;/error&gt;




Fix code:
1. Consider possible solutions for the issues listed above.
2. Choose a solution that can maximize fuzzing result, which is utilizing the function under test and feeding it not null input.
3. Apply the solutions to the original code.
It&#39;s important to show the complete code, not only the fixed line.
&lt;solution&gt;
</pre>



<h3>Code #4</h3>

<pre>
To fix the build error regarding the out-of-line declaration of the member function `PDFDoc::displayPages`, we need to remove the out-of-line declaration in the fuzzing harness. Since we are only interested in testing the function, we should call it directly without declaring it again in the harness.

Here is the corrected code:

```cpp
#include &lt;cstdint&gt;
#include &lt;vector&gt;
#include &lt;fuzzer/FuzzedDataProvider.h&gt;
#include &#34;PDFDoc.h&#34; // Include the header file where PDFDoc is defined
#include &#34;gtypes.h&#34; // Include the header file where GBool is defined
#include &#34;GString.h&#34; // Include the header file for GString if needed

// Assuming these types are defined somewhere in your codebase
class OutputDev {};
using DW_TAG_subroutine_typeInfiniteLoop = int; // Placeholder for the actual type

// The definition of the function should be in PDFDoc.cc
// For the purpose of this fuzzing harness, we will assume the function is correctly defined elsewhere.

extern &#34;C&#34; int LLVMFuzzerTestOneInput(const uint8_t *data, size_t size) {
    FuzzedDataProvider stream(data, size);

    // Initialize parameters
    OutputDev outputDev; // Assuming default constructor is available
    int pageStart = stream.ConsumeIntegralInRange&lt;int&gt;(1, 100); // Example range
    int pageEnd = stream.ConsumeIntegralInRange&lt;int&gt;(1, 100); // Example range
    double zoomX = stream.ConsumeFloatingPoint&lt;double&gt;();
    double zoomY = stream.ConsumeFloatingPoint&lt;double&gt;();
    int rotation = stream.ConsumeIntegralInRange&lt;int&gt;(0, 360); // Rotation in degrees
    GBool crop = stream.ConsumeBool();
    GBool print = stream.ConsumeBool();
    GBool embed = stream.ConsumeBool();
    
    // Create a pointer for GBool (*abortCheckCbk)(void *) which is the expected type
    GBool (*abortCheckCbk)(void *) = nullptr; // Set to nullptr or provide a valid function if needed
    std::vector&lt;uint8_t&gt; remainingBytes = stream.ConsumeRemainingBytes&lt;uint8_t&gt;(); // Use remaining bytes as user data
    void *userData = remainingBytes.data(); // Get pointer to the remaining bytes

    // Create an instance of PDFDoc with a valid constructor
    GString fileNameA(&#34;dummy.pdf&#34;); // Create a dummy GString for the constructor
    PDFDoc doc(&amp;fileNameA); // Create an instance of PDFDoc with required arguments

    // Call the function under test
    doc.displayPages(&amp;outputDev, pageStart, pageEnd, zoomX, zoomY, rotation, crop, print, embed, abortCheckCbk, userData);

    return 0;
}
```

### Changes Made:
- Removed the out-of-line declaration of the `PDFDoc::displayPages` function. This allows the code to compile without errors since we are assuming that the function is defined elsewhere in the `PDFDoc.cc` file.
- The rest of the code remains unchanged to ensure that the fuzzing harness can still function as intended. 

This code should now compile successfully and allow for effective fuzz testing of the `displayPages` function.
</pre>


<h3>Fixer prompt #5</h3>
<pre>

Given the following C++ fuzz harness and its build error message, fix the code to make it build for fuzzing.

If there is undeclared identifier or unknown type name error, fix it by finding and including the related libraries.

MUST RETURN THE FULL CODE, INCLUDING UNCHANGED PARTS.

Below is the code needs to be built:
&lt;code&gt;
#include &lt;cstdint&gt;
#include &lt;vector&gt;
#include &lt;fuzzer/FuzzedDataProvider.h&gt;
#include &#34;PDFDoc.h&#34; // Include the header file where PDFDoc is defined
#include &#34;gtypes.h&#34; // Include the header file where GBool is defined
#include &#34;GString.h&#34; // Include the header file for GString if needed

// Assuming these types are defined somewhere in your codebase
class OutputDev {};
using DW_TAG_subroutine_typeInfiniteLoop = int; // Placeholder for the actual type

// The definition of the function should be in PDFDoc.cc
// For the purpose of this fuzzing harness, we will assume the function is correctly defined elsewhere.

extern &#34;C&#34; int LLVMFuzzerTestOneInput(const uint8_t *data, size_t size) {
    FuzzedDataProvider stream(data, size);

    // Initialize parameters
    OutputDev outputDev; // Assuming default constructor is available
    int pageStart = stream.ConsumeIntegralInRange&lt;int&gt;(1, 100); // Example range
    int pageEnd = stream.ConsumeIntegralInRange&lt;int&gt;(1, 100); // Example range
    double zoomX = stream.ConsumeFloatingPoint&lt;double&gt;();
    double zoomY = stream.ConsumeFloatingPoint&lt;double&gt;();
    int rotation = stream.ConsumeIntegralInRange&lt;int&gt;(0, 360); // Rotation in degrees
    GBool crop = stream.ConsumeBool();
    GBool print = stream.ConsumeBool();
    GBool embed = stream.ConsumeBool();
    
    // Create a pointer for GBool (*abortCheckCbk)(void *) which is the expected type
    GBool (*abortCheckCbk)(void *) = nullptr; // Set to nullptr or provide a valid function if needed
    std::vector&lt;uint8_t&gt; remainingBytes = stream.ConsumeRemainingBytes&lt;uint8_t&gt;(); // Use remaining bytes as user data
    void *userData = remainingBytes.data(); // Get pointer to the remaining bytes

    // Create an instance of PDFDoc with a valid constructor
    GString fileNameA(&#34;dummy.pdf&#34;); // Create a dummy GString for the constructor
    PDFDoc doc(&amp;fileNameA); // Create an instance of PDFDoc with required arguments

    // Call the function under test
    doc.displayPages(&amp;outputDev, pageStart, pageEnd, zoomX, zoomY, rotation, crop, print, embed, abortCheckCbk, userData);

    return 0;
}
&lt;/code&gt;

Below is the error to fix:
The code can build successfully but has a runtime issue: Fuzzing crashed immediately at runtime (ASAN-ERROR: AddressSanitizer: SEGV on unknown address 0x0000000002c0 (pc 0x7fbd07ee8fc4 bp 0x7ffc6fb6de40 sp 0x7ffc6fb6de28 T0)), indicating fuzz target code for invoking the function under test is incorrect or unrobust.
&lt;error&gt;
Crash stacks:
Stack 0:
#0 0x7fbd07ee8fc4 in __pthread_mutex_lock (/lib/x86_64-linux-gnu/libpthread.so.0+0xafc4) (BuildId: 9a65bb469e45a1c6fbcffae5b82a2fd7a69eb479)
#1 0x55dfd30e326f in GlobalParams::getPrintStatusInfo() /src/xpdf-4.05/xpdf/GlobalParams.cc:3556:3
#2 0x55dfd2fca13e in PDFDoc::displayPages(OutputDev*, int, int, double, double, int, int, int, int, int (*)(void*), void*) /src/xpdf-4.05/xpdf/PDFDoc.cc:459:23
#3 0x55dfd2fc72d5 in LLVMFuzzerTestOneInput /src/xpdf-4.05/build/fuzz_zxdoc.cc:39:9
#4 0x55dfd2e7b460 in fuzzer::Fuzzer::ExecuteCallback(unsigned char const*, unsigned long) /src/llvm-project/compiler-rt/lib/fuzzer/FuzzerLoop.cpp:614:13
#5 0x55dfd2e7c971 in fuzzer::Fuzzer::ReadAndExecuteSeedCorpora(std::__Fuzzer::vector&lt;fuzzer::SizedFile, std::__Fuzzer::allocator&lt;fuzzer::SizedFile&gt;&gt;&amp;) /src/llvm-project/compiler-rt/lib/fuzzer/FuzzerLoop.cpp:807:3
#6 0x55dfd2e7cf02 in fuzzer::Fuzzer::Loop(std::__Fuzzer::vector&lt;fuzzer::SizedFile, std::__Fuzzer::allocator&lt;fuzzer::SizedFile&gt;&gt;&amp;) /src/llvm-project/compiler-rt/lib/fuzzer/FuzzerLoop.cpp:867:3
#7 0x55dfd2e6c03b in fuzzer::FuzzerDriver(int*, char***, int (*)(unsigned char const*, unsigned long)) /src/llvm-project/compiler-rt/lib/fuzzer/FuzzerDriver.cpp:914:6
#8 0x55dfd2e97412 in main /src/llvm-project/compiler-rt/lib/fuzzer/FuzzerMain.cpp:20:10
#9 0x7fbd07cc7082 in __libc_start_main (/lib/x86_64-linux-gnu/libc.so.6+0x24082) (BuildId: 0702430aef5fa3dda43986563e9ffcc47efbd75e)
#10 0x55dfd2e5e8bd in _start (/out/fuzz_zxdoc+0x1ca8bd)
&lt;/error&gt;




Fix code:
1. Consider possible solutions for the issues listed above.
2. Choose a solution that can maximize fuzzing result, which is utilizing the function under test and feeding it not null input.
3. Apply the solutions to the original code.
It&#39;s important to show the complete code, not only the fixed line.
&lt;solution&gt;
</pre>



<h3>Code #5</h3>

<pre>
To address the runtime issue indicated by the AddressSanitizer error, we need to ensure that the parameters passed to the `doc.displayPages` function are valid and robust. The crash suggests that there might be an issue with the parameters, particularly with the `GBool` values or the `abortCheckCbk` function pointer.

Hereâ€™s the updated code with some adjustments to ensure that the parameters are properly initialized and valid:

```cpp
#include &lt;cstdint&gt;
#include &lt;vector&gt;
#include &lt;fuzzer/FuzzedDataProvider.h&gt;
#include &#34;PDFDoc.h&#34; // Include the header file where PDFDoc is defined
#include &#34;gtypes.h&#34; // Include the header file where GBool is defined
#include &#34;GString.h&#34; // Include the header file for GString if needed

// Assuming these types are defined somewhere in your codebase
class OutputDev {};
using DW_TAG_subroutine_typeInfiniteLoop = int; // Placeholder for the actual type

// The definition of the function should be in PDFDoc.cc
// For the purpose of this fuzzing harness, we will assume the function is correctly defined elsewhere.

extern &#34;C&#34; int LLVMFuzzerTestOneInput(const uint8_t *data, size_t size) {
    FuzzedDataProvider stream(data, size);

    // Initialize parameters
    OutputDev outputDev; // Assuming default constructor is available
    int pageStart = stream.ConsumeIntegralInRange&lt;int&gt;(1, 100); // Example range
    int pageEnd = stream.ConsumeIntegralInRange&lt;int&gt;(1, 100); // Example range
    double zoomX = stream.ConsumeFloatingPoint&lt;double&gt;();
    double zoomY = stream.ConsumeFloatingPoint&lt;double&gt;();
    int rotation = stream.ConsumeIntegralInRange&lt;int&gt;(0, 360); // Rotation in degrees
    GBool crop = stream.ConsumeBool() ? gbTrue : gbFalse; // Ensure GBool is properly initialized
    GBool print = stream.ConsumeBool() ? gbTrue : gbFalse; // Ensure GBool is properly initialized
    GBool embed = stream.ConsumeBool() ? gbTrue : gbFalse; // Ensure GBool is properly initialized
    
    // Create a pointer for GBool (*abortCheckCbk)(void *) which is the expected type
    GBool (*abortCheckCbk)(void *) = nullptr; // Set to nullptr or provide a valid function if needed
    std::vector&lt;uint8_t&gt; remainingBytes = stream.ConsumeRemainingBytes&lt;uint8_t&gt;(); // Use remaining bytes as user data
    void *userData = remainingBytes.empty() ? nullptr : remainingBytes.data(); // Get pointer to the remaining bytes or nullptr if empty

    // Create an instance of PDFDoc with a valid constructor
    GString fileNameA(&#34;dummy.pdf&#34;); // Create a dummy GString for the constructor
    PDFDoc doc(&amp;fileNameA); // Create an instance of PDFDoc with required arguments

    // Call the function under test
    doc.displayPages(&amp;outputDev, pageStart, pageEnd, zoomX, zoomY, rotation, crop, print, embed, abortCheckCbk, userData);

    return 0;
}
```

### Changes Made:
1. **GBool Initialization**: The `GBool` variables `crop`, `print`, and `embed` are now initialized using `gbTrue` and `gbFalse` to ensure they are valid `GBool` values.
2. **User Data Pointer**: The `userData` pointer is now set to `nullptr` if `remainingBytes` is empty, which prevents passing a potentially invalid pointer to the `displayPages` function.

These changes should help in making the fuzzing harness more robust and reduce the likelihood of crashes due to invalid parameters.
</pre>


<h2>Logs</h2>

<pre >
Fixing /home/hyunchang/Desktop/oss-fuzz-gen/results/xpdf/LV1/8/output-xpdf-_zn6pdfdoc12displaypagesep9outputdeviiddiiiipfipves2_/fixed_targets/02.cc with gpt-4o-mini, attempt 1.
Fixing /home/hyunchang/Desktop/oss-fuzz-gen/results/xpdf/LV1/8/output-xpdf-_zn6pdfdoc12displaypagesep9outputdeviiddiiiipfipves2_/fixed_targets/02.cc with gpt-4o-mini, attempt 2.
Fixing /home/hyunchang/Desktop/oss-fuzz-gen/results/xpdf/LV1/8/output-xpdf-_zn6pdfdoc12displaypagesep9outputdeviiddiiiipfipves2_/fixed_targets/02.cc with gpt-4o-mini, attempt 3.
Fixing /home/hyunchang/Desktop/oss-fuzz-gen/results/xpdf/LV1/8/output-xpdf-_zn6pdfdoc12displaypagesep9outputdeviiddiiiipfipves2_/fixed_targets/02.cc with gpt-4o-mini, attempt 4.
Fixing /home/hyunchang/Desktop/oss-fuzz-gen/results/xpdf/LV1/8/output-xpdf-_zn6pdfdoc12displaypagesep9outputdeviiddiiiipfipves2_/fixed_targets/02.cc with gpt-4o-mini, attempt 5.
Failed to build /home/hyunchang/Desktop/oss-fuzz-gen/results/xpdf/LV1/8/output-xpdf-_zn6pdfdoc12displaypagesep9outputdeviiddiiiipfipves2_/fixed_targets/02.cc with gpt-4o-mini in 5 iterations of fixing.

</pre>


<h2>Run logs</h2>
<pre>
INFO:__main__:Running: docker run --privileged --shm-size=2g --platform linux/amd64 --rm -e FUZZING_ENGINE=libfuzzer -e SANITIZER=address -e RUN_FUZZER_MODE=interactive -e HELPER=True -v /home/hyunchang/Desktop/oss-fuzz-gen/results/xpdf/LV1/8/output-xpdf-_zn6pdfdoc12displaypagesep9outputdeviiddiiiipfipves2_/corpora/02.cc:/tmp/fuzz_zxdoc_corpus -v /tmp/tmpjmsieqlq/build/out/xpdf-zn6pdfdoc12displaypagesep9outputdeviiddiiiipfipves2-02:/out -t gcr.io/oss-fuzz-base/base-runner run_fuzzer fuzz_zxdoc -print_final_stats=1 -max_total_time=30 -len_control=0 -timeout=30.
vm.mmap_rnd_bits = 28
rm: cannot remove &#39;/tmp/fuzz_zxdoc_corpus&#39;: Device or resource busy
/out/fuzz_zxdoc -rss_limit_mb=2560 -timeout=25 -print_final_stats=1 -max_total_time=30 -len_control=0 -timeout=30 /tmp/fuzz_zxdoc_corpus &lt; /dev/null
INFO: Running with entropic power schedule (0xFF, 100).
INFO: Seed: 3889528035
INFO: Loaded 1 modules   (26881 inline 8-bit counters): 26881 [0x55dfd33a0278, 0x55dfd33a6b79), 
INFO: Loaded 1 PC tables (26881 PCs): 26881 [0x55dfd33a6b80,0x55dfd340fb90), 
INFO:        0 files found in /tmp/fuzz_zxdoc_corpus
INFO: -max_len is not provided; libFuzzer will not generate inputs larger than 4096 bytes
I/O Error: Couldn&#39;t open file &#39;dummy.pdf&#39;
AddressSanitizer:DEADLYSIGNAL
=================================================================
[1m[31m==12==ERROR: AddressSanitizer: SEGV on unknown address 0x0000000002c0 (pc 0x7fbd07ee8fc4 bp 0x7ffc6fb6de40 sp 0x7ffc6fb6de28 T0)
[1m[0m==12==The signal is caused by a READ memory access.
==12==Hint: address points to the zero page.
SCARINESS: 10 (null-deref)
    #0 0x7fbd07ee8fc4 in __pthread_mutex_lock (/lib/x86_64-linux-gnu/libpthread.so.0+0xafc4) (BuildId: 9a65bb469e45a1c6fbcffae5b82a2fd7a69eb479)
    #1 0x55dfd30e326f in GlobalParams::getPrintStatusInfo() /src/xpdf-4.05/xpdf/GlobalParams.cc:3556:3
    #2 0x55dfd2fca13e in PDFDoc::displayPages(OutputDev*, int, int, double, double, int, int, int, int, int (*)(void*), void*) /src/xpdf-4.05/xpdf/PDFDoc.cc:459:23
    #3 0x55dfd2fc72d5 in LLVMFuzzerTestOneInput /src/xpdf-4.05/build/fuzz_zxdoc.cc:39:9
    #4 0x55dfd2e7b460 in fuzzer::Fuzzer::ExecuteCallback(unsigned char const*, unsigned long) /src/llvm-project/compiler-rt/lib/fuzzer/FuzzerLoop.cpp:614:13
    #5 0x55dfd2e7c971 in fuzzer::Fuzzer::ReadAndExecuteSeedCorpora(std::__Fuzzer::vector&lt;fuzzer::SizedFile, std::__Fuzzer::allocator&lt;fuzzer::SizedFile&gt;&gt;&amp;) /src/llvm-project/compiler-rt/lib/fuzzer/FuzzerLoop.cpp:807:3
    #6 0x55dfd2e7cf02 in fuzzer::Fuzzer::Loop(std::__Fuzzer::vector&lt;fuzzer::SizedFile, std::__Fuzzer::allocator&lt;fuzzer::SizedFile&gt;&gt;&amp;) /src/llvm-project/compiler-rt/lib/fuzzer/FuzzerLoop.cpp:867:3
    #7 0x55dfd2e6c03b in fuzzer::FuzzerDriver(int*, char***, int (*)(unsigned char const*, unsigned long)) /src/llvm-project/compiler-rt/lib/fuzzer/FuzzerDriver.cpp:914:6
    #8 0x55dfd2e97412 in main /src/llvm-project/compiler-rt/lib/fuzzer/FuzzerMain.cpp:20:10
    #9 0x7fbd07cc7082 in __libc_start_main (/lib/x86_64-linux-gnu/libc.so.6+0x24082) (BuildId: 0702430aef5fa3dda43986563e9ffcc47efbd75e)
    #10 0x55dfd2e5e8bd in _start (/out/fuzz_zxdoc+0x1ca8bd)

DEDUP_TOKEN: __pthread_mutex_lock--GlobalParams::getPrintStatusInfo()--PDFDoc::displayPages(OutputDev*, int, int, double, double, int, int, int, int, int (*)(void*), void*)
AddressSanitizer can not provide additional info.
SUMMARY: AddressSanitizer: SEGV (/lib/x86_64-linux-gnu/libpthread.so.0+0xafc4) (BuildId: 9a65bb469e45a1c6fbcffae5b82a2fd7a69eb479) in __pthread_mutex_lock
==12==ABORTING
MS: 0 ; base unit: 0000000000000000000000000000000000000000


artifact_prefix=&#39;./&#39;; Test unit written to ./crash-da39a3ee5e6b4b0d3255bfef95601890afd80709
Base64: 
stat::number_of_executed_units: 1
stat::average_exec_per_sec:     0
stat::new_units_added:          0
stat::slowest_unit_time_sec:    0
stat::peak_rss_mb:              34

</pre>


</body>